<?xml version="1.0" encoding="UTF-8"?>
<!-- Generated by org.testng.reporters.JUnitReportReporter -->
<testsuite hostname="DESKTOP-QBJTCLA" name="com.pagelibrary.com.ranford_bnk.A" tests="3" failures="0" timestamp="6 Nov 2019 04:18:49 GMT" time="0.020" errors="0">
  <testcase name="B" time="0.018" classname="com.pagelibrary.com.ranford_bnk.A"/>
  <testcase name="D" time="0.001" classname="com.pagelibrary.com.ranford_bnk.A"/>
  <testcase name="Cnjn" time="0.001" classname="com.pagelibrary.com.ranford_bnk.A"/>
</testsuite> <!-- com.pagelibrary.com.ranford_bnk.A -->
